<?xml version="1.0" encoding="UTF-8"?>
<!-- Generated by org.testng.reporters.JUnitReportReporter -->
<testsuite hostname="DESKTOP-CJA0QNI" failures="0" tests="1" name="com.cgi.test.LoginUITest" time="9.416" errors="0" timestamp="2024-09-26T17:06:32 IST" skipped="0">
  <testcase classname="com.cgi.test.LoginUITest" name="titleTest" time="9.416"/>
</testsuite> <!-- com.cgi.test.LoginUITest -->
