<?xml version="1.0" encoding="UTF-8"?>
<!-- Generated by org.testng.reporters.JUnitReportReporter -->
<testsuite hostname="DESKTOP-CJA0QNI" failures="0" tests="2" name="com.cgi.runner.RunnerTest" time="28.711" errors="0" timestamp="2024-09-27T17:44:12 IST" skipped="0">
  <testcase classname="com.cgi.runner.RunnerTest" name="runScenario" time="15.873"/>
  <testcase classname="com.cgi.runner.RunnerTest" name="runScenario" time="12.838"/>
</testsuite> <!-- com.cgi.runner.RunnerTest -->
