<?xml version="1.0" encoding="UTF-8"?>
<!-- Generated by org.testng.reporters.JUnitReportReporter -->
<testsuite hostname="DESKTOP-CJA0QNI" failures="0" tests="3" name="com.cgi.test.ZDemoTest" time="0.009" errors="0" timestamp="2024-09-26T14:41:59 IST" skipped="0">
  <testcase classname="com.cgi.test.ZDemoTest" name="demoValidTest" time="0.001"/>
  <testcase classname="com.cgi.test.ZDemoTest" name="demoValidTest" time="0.001"/>
  <testcase classname="com.cgi.test.ZDemoTest" name="demoValidTest" time="0.007"/>
</testsuite> <!-- com.cgi.test.ZDemoTest -->
