<?xml version="1.0" encoding="UTF-8"?>
<!-- Generated by org.testng.reporters.JUnitReportReporter -->
<testsuite hostname="DESKTOP-CJA0QNI" failures="0" tests="1" name="com.cgi.test.LoginTest" time="22.951" errors="0" timestamp="2024-09-26T17:10:37 IST" skipped="0">
  <testcase classname="com.cgi.test.LoginTest" name="validLoginTest" time="22.951"/>
</testsuite> <!-- com.cgi.test.LoginTest -->
