<?xml version="1.0" encoding="UTF-8"?>
<!-- Generated by org.testng.reporters.JUnitReportReporter -->
<testsuite hostname="DESKTOP-CJA0QNI" failures="0" tests="2" name="com.cgi.test.LoginUITest" time="78.034" errors="0" timestamp="2024-09-25T17:19:45 IST" skipped="0">
  <testcase classname="com.cgi.test.LoginUITest" name="headerTest" time="57.852"/>
  <testcase classname="com.cgi.test.LoginUITest" name="titleTest" time="20.182"/>
</testsuite> <!-- com.cgi.test.LoginUITest -->
