<?xml version="1.0" encoding="UTF-8"?>
<!-- Generated by org.testng.reporters.JUnitReportReporter -->
<testsuite hostname="DESKTOP-CJA0QNI" failures="0" tests="1" name="com.cgi.test.LoginUITest" time="10.695" errors="0" timestamp="2024-09-27T14:25:11 IST" skipped="0">
  <testcase classname="com.cgi.test.LoginUITest" name="titleTest" time="10.695"/>
</testsuite> <!-- com.cgi.test.LoginUITest -->
