<?xml version="1.0" encoding="UTF-8"?>
<!-- Generated by org.testng.reporters.JUnitReportReporter -->
<testsuite hostname="DESKTOP-CJA0QNI" failures="0" tests="2" name="com.cgi.test.LoginTest" time="26.095" errors="0" timestamp="2024-09-26T15:06:09 IST" skipped="0">
  <testcase classname="com.cgi.test.LoginTest" name="invalidLoginTest" time="11.999"/>
  <testcase classname="com.cgi.test.LoginTest" name="invalidLoginTest" time="14.096"/>
</testsuite> <!-- com.cgi.test.LoginTest -->
